<?xml version="1.0" encoding="UTF-8"?>
<testsuite xmlns:xsi="http://www.w3.org/2001/XMLSchema-instance" xsi:noNamespaceSchemaLocation="https://maven.apache.org/surefire/maven-surefire-plugin/xsd/surefire-test-report-3.0.xsd" version="3.0" name="mainPackage.DockerprTest" time="22.351" tests="3" errors="0" skipped="0" failures="0">
  <properties>
[...]
</properties>
  <testcase name="testCheckState" classname="mainPackage.DockerprTest" time="0.117"/>
  <testcase name="testMeth2_StopContainer" classname="mainPackage.DockerprTest" time="10.799">
    <system-err><![CDATA[Exception in thread "pool-5-thread-1" com.github.dockerjava.api.exception.NotFoundException: Status 404: No such container: 0a4ab61546454c87840b0b3fa58a510bf2c65ca89c9f3055d6879799f55aa5c8
	at com.github.dockerjava.jaxrs.filter.ResponseStatusExceptionFilter.filter(ResponseStatusExceptionFilter.java:62)
	at org.glassfish.jersey.client.ClientFilteringStages$ResponseFilterStage.apply(ClientFilteringStages.java:140)
	at org.glassfish.jersey.client.ClientFilteringStages$ResponseFilterStage.apply(ClientFilteringStages.java:128)
	at org.glassfish.jersey.process.internal.Stages.process(Stages.java:171)
	at org.glassfish.jersey.client.ClientRuntime.invoke(ClientRuntime.java:260)
	at org.glassfish.jersey.client.JerseyInvocation$1.call(JerseyInvocation.java:684)
	at org.glassfish.jersey.client.JerseyInvocation$1.call(JerseyInvocation.java:681)
	at org.glassfish.jersey.internal.Errors.process(Errors.java:315)
	at org.glassfish.jersey.internal.Errors.process(Errors.java:297)
	at org.glassfish.jersey.internal.Errors.process(Errors.java:228)
	at org.glassfish.jersey.process.internal.RequestScope.runInScope(RequestScope.java:444)
	at org.glassfish.jersey.client.JerseyInvocation.invoke(JerseyInvocation.java:681)
	at com.github.dockerjava.jaxrs.JerseyDockerHttpClient.execute(JerseyDockerHttpClient.java:301)
	at com.github.dockerjava.core.DefaultInvocationBuilder.execute(DefaultInvocationBuilder.java:228)
	at com.github.dockerjava.core.DefaultInvocationBuilder.post(DefaultInvocationBuilder.java:102)
	at com.github.dockerjava.core.exec.StopContainerCmdExec.execute(StopContainerCmdExec.java:33)
	at com.github.dockerjava.core.exec.StopContainerCmdExec.execute(StopContainerCmdExec.java:13)
	at com.github.dockerjava.core.exec.AbstrSyncDockerCmdExec.exec(AbstrSyncDockerCmdExec.java:21)
	at com.github.dockerjava.core.command.AbstrDockerCmd.exec(AbstrDockerCmd.java:33)
	at com.github.dockerjava.core.command.StopContainerCmdImpl.exec(StopContainerCmdImpl.java:63)
	at mainPackage.Dockerpr.stopContainer(Dockerpr.java:88)
	at mainPackage.Dockerpr.lambda$meth2$1(Dockerpr.java:67)
	at java.base/java.util.concurrent.ThreadPoolExecutor.runWorker(ThreadPoolExecutor.java:1144)
	at java.base/java.util.concurrent.ThreadPoolExecutor$Worker.run(ThreadPoolExecutor.java:642)
	at java.base/java.lang.Thread.run(Thread.java:1589)
]]></system-err>
  </testcase>
  <testcase name="testMeth1_StartContainer" classname="mainPackage.DockerprTest" time="10.059">
    <system-err><![CDATA[Exception in thread "pool-7-thread-1" com.github.dockerjava.api.exception.NotFoundException: Status 404: No such container: 0a4ab61546454c87840b0b3fa58a510bf2c65ca89c9f3055d6879799f55aa5c8
	at com.github.dockerjava.jaxrs.filter.ResponseStatusExceptionFilter.filter(ResponseStatusExceptionFilter.java:62)
	at org.glassfish.jersey.client.ClientFilteringStages$ResponseFilterStage.apply(ClientFilteringStages.java:140)
	at org.glassfish.jersey.client.ClientFilteringStages$ResponseFilterStage.apply(ClientFilteringStages.java:128)
	at org.glassfish.jersey.process.internal.Stages.process(Stages.java:171)
	at org.glassfish.jersey.client.ClientRuntime.invoke(ClientRuntime.java:260)
	at org.glassfish.jersey.client.JerseyInvocation$1.call(JerseyInvocation.java:684)
	at org.glassfish.jersey.client.JerseyInvocation$1.call(JerseyInvocation.java:681)
	at org.glassfish.jersey.internal.Errors.process(Errors.java:315)
	at org.glassfish.jersey.internal.Errors.process(Errors.java:297)
	at org.glassfish.jersey.internal.Errors.process(Errors.java:228)
	at org.glassfish.jersey.process.internal.RequestScope.runInScope(RequestScope.java:444)
	at org.glassfish.jersey.client.JerseyInvocation.invoke(JerseyInvocation.java:681)
	at com.github.dockerjava.jaxrs.JerseyDockerHttpClient.execute(JerseyDockerHttpClient.java:301)
	at com.github.dockerjava.core.DefaultInvocationBuilder.execute(DefaultInvocationBuilder.java:228)
	at com.github.dockerjava.core.DefaultInvocationBuilder.post(DefaultInvocationBuilder.java:102)
	at com.github.dockerjava.core.exec.StartContainerCmdExec.execute(StartContainerCmdExec.java:31)
	at com.github.dockerjava.core.exec.StartContainerCmdExec.execute(StartContainerCmdExec.java:13)
	at com.github.dockerjava.core.exec.AbstrSyncDockerCmdExec.exec(AbstrSyncDockerCmdExec.java:21)
	at com.github.dockerjava.core.command.AbstrDockerCmd.exec(AbstrDockerCmd.java:33)
	at com.github.dockerjava.core.command.StartContainerCmdImpl.exec(StartContainerCmdImpl.java:42)
	at mainPackage.Dockerpr.startContainer(Dockerpr.java:83)
	at mainPackage.Dockerpr.lambda$meth1$0(Dockerpr.java:51)
	at java.base/java.util.concurrent.ThreadPoolExecutor.runWorker(ThreadPoolExecutor.java:1144)
	at java.base/java.util.concurrent.ThreadPoolExecutor$Worker.run(ThreadPoolExecutor.java:642)
	at java.base/java.lang.Thread.run(Thread.java:1589)
]]></system-err>
  </testcase>
</testsuite>